<?xml version="1.0" encoding="UTF-8"?>
<testsuites name="Nop Commerce Project" time="180" tests="8" failures="0" errors="0">
   <testsuite name="Nop Commerce Project" tests="8" failures="0" errors="0" time="180" timestamp="2018-05-24 14:20:52" hostname="Domegemegrottebyte - 192.168.48.1" id="Test Suites/NOP COMMERCE/Nop Commerce Project">
      <properties>
         <property name="deviceName" value=""/>
         <property name="devicePlatform" value=""/>
         <property name="logFolder" value="C:\\Users\\Domegemegrottebyte\\Katalon Studio\\NopCommerce-Project\\Reports\\NOP COMMERCE\\Nop Commerce Project\\20180524_142048"/>
         <property name="logFiles" value="C:\\Users\\Domegemegrottebyte\\Katalon Studio\\NopCommerce-Project\\Reports\\NOP COMMERCE\\Nop Commerce Project\\20180524_142048\\execution0.log"/>
         <property name="attachments" value=""/>
         <property name="hostName" value="Domegemegrottebyte - 192.168.48.1"/>
         <property name="os" value="Windows 10 64bit"/>
         <property name="katalonVersion" value="5.4.1.1"/>
         <property name="browser" value="Chrome 66.0.3359.181"/>
         <property name="hostAddress" value="192.168.48.1"/>
         <property name="sessionId" value="f31d54732d008df1af08b515edb8031b"/>
         <property name="seleniumVersion" value="3.7.1"/>
         <property name="proxyInformation" value="ProxyInformation{proxyOption=NO_PROXY, proxyServerType=HTTP, password=, proxyServerAddress=, proxyServerPort=0}"/>
         <property name="platform" value="Windows 10"/>
      </properties>
      <testcase name="Test Cases/Registration/verify_User Registration" classname="Test Cases/Registration/verify_User Registration" status="PASSED">
         <system-out><![CDATA[2018-05-24 14:20:54 - [TEST_CASE][PASSED] - Test Cases/Registration/verify_User Registration: Test Cases/Registration/verify_User Registration

2018-05-24 14:20:55 - [TEST_STEP][PASSED] - openBrowser: Browser is opened with url: 'http://demo.nopcommerce.com'

2018-05-24 14:21:06 - [MESSAGE][PASSED] - Browser is opened with url: 'http://demo.nopcommerce.com'

2018-05-24 14:21:06 - [TEST_STEP][PASSED] - maximizeWindow: Current window maximized

2018-05-24 14:21:07 - [MESSAGE][PASSED] - Current window maximized

2018-05-24 14:21:07 - [TEST_STEP][PASSED] - click: Object: 'Object Repository/Registration-Of-User/link_RegisterUser' is clicked on

2018-05-24 14:21:10 - [MESSAGE][PASSED] - Object: 'Object Repository/Registration-Of-User/link_RegisterUser' is clicked on

2018-05-24 14:21:10 - [TEST_STEP][PASSED] - click: Object: 'Object Repository/Registration-Of-User/radio buton_Select Gender' is clicked on

2018-05-24 14:21:10 - [MESSAGE][PASSED] - Object: 'Object Repository/Registration-Of-User/radio buton_Select Gender' is clicked on

2018-05-24 14:21:10 - [TEST_STEP][PASSED] - setText: Text 'Kennedy' is set on object 'Object Repository/Registration-Of-User/input_First Name'

2018-05-24 14:21:10 - [MESSAGE][PASSED] - Text 'Kennedy' is set on object 'Object Repository/Registration-Of-User/input_First Name'

2018-05-24 14:21:10 - [TEST_STEP][PASSED] - setText: Text 'Koech' is set on object 'Object Repository/Registration-Of-User/input_Last Name'

2018-05-24 14:21:11 - [MESSAGE][PASSED] - Text 'Koech' is set on object 'Object Repository/Registration-Of-User/input_Last Name'

2018-05-24 14:21:11 - [TEST_STEP][PASSED] - click: Object: 'Object Repository/Registration-Of-User/click_input Date Of Birth Day' is clicked on

2018-05-24 14:21:11 - [MESSAGE][PASSED] - Object: 'Object Repository/Registration-Of-User/click_input Date Of Birth Day' is clicked on

2018-05-24 14:21:11 - [TEST_STEP][PASSED] - click: Object: 'Object Repository/Registration-Of-User/click_Input Date Of Birth Month' is clicked on

2018-05-24 14:21:11 - [MESSAGE][PASSED] - Object: 'Object Repository/Registration-Of-User/click_Input Date Of Birth Month' is clicked on

2018-05-24 14:21:11 - [TEST_STEP][PASSED] - click: Object: 'Object Repository/Registration-Of-User/click_Input Date Of Birth Year' is clicked on

2018-05-24 14:21:11 - [MESSAGE][PASSED] - Object: 'Object Repository/Registration-Of-User/click_Input Date Of Birth Year' is clicked on

2018-05-24 14:21:11 - [TEST_STEP][PASSED] - setText: Text 'kkoech@gmail.com' is set on object 'Object Repository/Registration-Of-User/input_Email Address'

2018-05-24 14:21:12 - [MESSAGE][PASSED] - Text 'kkoech@gmail.com' is set on object 'Object Repository/Registration-Of-User/input_Email Address'

2018-05-24 14:21:12 - [TEST_STEP][PASSED] - setText: Text 'Kenya Istitute Of Commerce' is set on object 'Object Repository/Registration-Of-User/input_Company Name'

2018-05-24 14:21:12 - [MESSAGE][PASSED] - Text 'Kenya Istitute Of Commerce' is set on object 'Object Repository/Registration-Of-User/input_Company Name'

2018-05-24 14:21:12 - [TEST_STEP][PASSED] - setText: Text 'password' is set on object 'Object Repository/Registration-Of-User/input_Password'

2018-05-24 14:21:13 - [MESSAGE][PASSED] - Text 'password' is set on object 'Object Repository/Registration-Of-User/input_Password'

2018-05-24 14:21:13 - [TEST_STEP][PASSED] - setText: Text 'password' is set on object 'Object Repository/Registration-Of-User/input_Confirm Password'

2018-05-24 14:21:13 - [MESSAGE][PASSED] - Text 'password' is set on object 'Object Repository/Registration-Of-User/input_Confirm Password'

2018-05-24 14:21:13 - [TEST_STEP][PASSED] - click: Object: 'Object Repository/Registration-Of-User/button_Register User' is clicked on

2018-05-24 14:21:15 - [MESSAGE][PASSED] - Object: 'Object Repository/Registration-Of-User/button_Register User' is clicked on

2018-05-24 14:21:15 - [TEST_STEP][PASSED] - click: Object: 'Object Repository/Registration-Of-User/button_Continue' is clicked on

2018-05-24 14:21:18 - [MESSAGE][PASSED] - Object: 'Object Repository/Registration-Of-User/button_Continue' is clicked on]]></system-out>
         <system-err><![CDATA[]]></system-err>
      </testcase>
      <testcase name="Test Cases/Login/verify_Login" classname="Test Cases/Login/verify_Login" status="PASSED">
         <system-out><![CDATA[2018-05-24 14:21:18 - [TEST_CASE][PASSED] - Test Cases/Login/verify_Login: Test Cases/Login/verify_Login

2018-05-24 14:21:19 - [TEST_STEP][PASSED] - openBrowser: Browser is opened with url: 'http://demo.nopcommerce.com'

2018-05-24 14:21:19 - [MESSAGE][WARNING] - A browser is already opened. Closing browser and opening a new one

2018-05-24 14:21:27 - [MESSAGE][PASSED] - Browser is opened with url: 'http://demo.nopcommerce.com'

2018-05-24 14:21:27 - [TEST_STEP][PASSED] - maximizeWindow: Current window maximized

2018-05-24 14:21:29 - [MESSAGE][PASSED] - Current window maximized

2018-05-24 14:21:29 - [TEST_STEP][PASSED] - click: Object: 'Object Repository/Registration-Of-User/Login/link_Login ' is clicked on

2018-05-24 14:21:31 - [MESSAGE][PASSED] - Object: 'Object Repository/Registration-Of-User/Login/link_Login ' is clicked on

2018-05-24 14:21:31 - [TEST_STEP][PASSED] - setText: Text 'kkoech@gmail.com' is set on object 'Object Repository/Registration-Of-User/Login/input_Email Address'

2018-05-24 14:21:31 - [MESSAGE][PASSED] - Text 'kkoech@gmail.com' is set on object 'Object Repository/Registration-Of-User/Login/input_Email Address'

2018-05-24 14:21:31 - [TEST_STEP][PASSED] - setText: Text 'password' is set on object 'Object Repository/Registration-Of-User/Login/input_Password'

2018-05-24 14:21:32 - [MESSAGE][PASSED] - Text 'password' is set on object 'Object Repository/Registration-Of-User/Login/input_Password'

2018-05-24 14:21:32 - [TEST_STEP][PASSED] - click: Object: 'Object Repository/Registration-Of-User/Login/button_Login' is clicked on

2018-05-24 14:21:34 - [MESSAGE][PASSED] - Object: 'Object Repository/Registration-Of-User/Login/button_Login' is clicked on]]></system-out>
         <system-err><![CDATA[]]></system-err>
      </testcase>
      <testcase name="Test Cases/Adding Nokia Lomia To Cart/verify add Nokia Lumia To Cart" classname="Test Cases/Adding Nokia Lomia To Cart/verify add Nokia Lumia To Cart" status="PASSED">
         <system-out><![CDATA[2018-05-24 14:21:34 - [TEST_CASE][PASSED] - Test Cases/Adding Nokia Lomia To Cart/verify add Nokia Lumia To Cart: Test Cases/Adding Nokia Lomia To Cart/verify add Nokia Lumia To Cart

2018-05-24 14:21:35 - [TEST_STEP][PASSED] - callTestCase: Call Test Case 'Test Cases/Login/verify_Login' successfully

2018-05-24 14:21:35 - [TEST_CASE][PASSED] - Test Cases/Login/verify_Login: Test Cases/Login/verify_Login

2018-05-24 14:21:35 - [TEST_STEP][PASSED] - openBrowser: Browser is opened with url: 'http://demo.nopcommerce.com'

2018-05-24 14:21:35 - [MESSAGE][WARNING] - A browser is already opened. Closing browser and opening a new one

2018-05-24 14:21:44 - [MESSAGE][PASSED] - Browser is opened with url: 'http://demo.nopcommerce.com'

2018-05-24 14:21:44 - [TEST_STEP][PASSED] - maximizeWindow: Current window maximized

2018-05-24 14:21:45 - [MESSAGE][PASSED] - Current window maximized

2018-05-24 14:21:45 - [TEST_STEP][PASSED] - click: Object: 'Object Repository/Registration-Of-User/Login/link_Login ' is clicked on

2018-05-24 14:21:47 - [MESSAGE][PASSED] - Object: 'Object Repository/Registration-Of-User/Login/link_Login ' is clicked on

2018-05-24 14:21:47 - [TEST_STEP][PASSED] - setText: Text 'kkoech@gmail.com' is set on object 'Object Repository/Registration-Of-User/Login/input_Email Address'

2018-05-24 14:21:48 - [MESSAGE][PASSED] - Text 'kkoech@gmail.com' is set on object 'Object Repository/Registration-Of-User/Login/input_Email Address'

2018-05-24 14:21:48 - [TEST_STEP][PASSED] - setText: Text 'password' is set on object 'Object Repository/Registration-Of-User/Login/input_Password'

2018-05-24 14:21:48 - [MESSAGE][PASSED] - Text 'password' is set on object 'Object Repository/Registration-Of-User/Login/input_Password'

2018-05-24 14:21:48 - [TEST_STEP][PASSED] - click: Object: 'Object Repository/Registration-Of-User/Login/button_Login' is clicked on

2018-05-24 14:21:50 - [MESSAGE][PASSED] - Object: 'Object Repository/Registration-Of-User/Login/button_Login' is clicked on

2018-05-24 14:21:50 - [MESSAGE][PASSED] - Call Test Case 'Test Cases/Login/verify_Login' successfully

2018-05-24 14:21:50 - [TEST_STEP][PASSED] - setText: Text 'Nokia Lumia 1020' is set on object 'Object Repository/Verify Adding Flower Girl  To CArt/input_Search Field'

2018-05-24 14:21:50 - [MESSAGE][PASSED] - Text 'Nokia Lumia 1020' is set on object 'Object Repository/Verify Adding Flower Girl  To CArt/input_Search Field'

2018-05-24 14:21:50 - [TEST_STEP][PASSED] - click: Object: 'Object Repository/Adding Nokia Lumia To Cart/button_Search Nokia Lumia 1020 ' is clicked on

2018-05-24 14:21:52 - [MESSAGE][PASSED] - Object: 'Object Repository/Adding Nokia Lumia To Cart/button_Search Nokia Lumia 1020 ' is clicked on

2018-05-24 14:21:52 - [TEST_STEP][PASSED] - delay: Delayed 2 second(s)

2018-05-24 14:21:54 - [MESSAGE][PASSED] - Delayed 2 second(s)

2018-05-24 14:21:54 - [TEST_STEP][PASSED] - click: Object: 'Object Repository/Adding Nokia Lumia To Cart/button_Add  Nokia Lumia To cart' is clicked on

2018-05-24 14:21:54 - [MESSAGE][PASSED] - Object: 'Object Repository/Adding Nokia Lumia To Cart/button_Add  Nokia Lumia To cart' is clicked on

2018-05-24 14:21:54 - [TEST_STEP][PASSED] - verifyElementPresent: Object 'Object Repository/Adding Nokia Lumia To Cart/alert_Element' is present

2018-05-24 14:21:54 - [MESSAGE][WARNING] - Timeout '0' is invalid. Using default page load timeout: '30'

2018-05-24 14:21:55 - [MESSAGE][PASSED] - Object 'Object Repository/Adding Nokia Lumia To Cart/alert_Element' is present]]></system-out>
         <system-err><![CDATA[]]></system-err>
      </testcase>
      <testcase name="Test Cases/Verify Add Flower Girl Bracelet To Cart/verify Add Flower Bracelet To cart" classname="Test Cases/Verify Add Flower Girl Bracelet To Cart/verify Add Flower Bracelet To cart" status="PASSED">
         <system-out><![CDATA[2018-05-24 14:21:55 - [TEST_CASE][PASSED] - Test Cases/Verify Add Flower Girl Bracelet To Cart/verify Add Flower Bracelet To cart: Test Cases/Verify Add Flower Girl Bracelet To Cart/verify Add Flower Bracelet To cart

2018-05-24 14:21:55 - [TEST_STEP][PASSED] - callTestCase: Call Test Case 'Test Cases/Login/verify_Login' successfully

2018-05-24 14:21:55 - [TEST_CASE][PASSED] - Test Cases/Login/verify_Login: Test Cases/Login/verify_Login

2018-05-24 14:21:55 - [TEST_STEP][PASSED] - openBrowser: Browser is opened with url: 'http://demo.nopcommerce.com'

2018-05-24 14:21:55 - [MESSAGE][WARNING] - A browser is already opened. Closing browser and opening a new one

2018-05-24 14:22:04 - [MESSAGE][PASSED] - Browser is opened with url: 'http://demo.nopcommerce.com'

2018-05-24 14:22:04 - [TEST_STEP][PASSED] - maximizeWindow: Current window maximized

2018-05-24 14:22:05 - [MESSAGE][PASSED] - Current window maximized

2018-05-24 14:22:05 - [TEST_STEP][PASSED] - click: Object: 'Object Repository/Registration-Of-User/Login/link_Login ' is clicked on

2018-05-24 14:22:08 - [MESSAGE][PASSED] - Object: 'Object Repository/Registration-Of-User/Login/link_Login ' is clicked on

2018-05-24 14:22:08 - [TEST_STEP][PASSED] - setText: Text 'kkoech@gmail.com' is set on object 'Object Repository/Registration-Of-User/Login/input_Email Address'

2018-05-24 14:22:08 - [MESSAGE][PASSED] - Text 'kkoech@gmail.com' is set on object 'Object Repository/Registration-Of-User/Login/input_Email Address'

2018-05-24 14:22:08 - [TEST_STEP][PASSED] - setText: Text 'password' is set on object 'Object Repository/Registration-Of-User/Login/input_Password'

2018-05-24 14:22:08 - [MESSAGE][PASSED] - Text 'password' is set on object 'Object Repository/Registration-Of-User/Login/input_Password'

2018-05-24 14:22:08 - [TEST_STEP][PASSED] - click: Object: 'Object Repository/Registration-Of-User/Login/button_Login' is clicked on

2018-05-24 14:22:10 - [MESSAGE][PASSED] - Object: 'Object Repository/Registration-Of-User/Login/button_Login' is clicked on

2018-05-24 14:22:10 - [MESSAGE][PASSED] - Call Test Case 'Test Cases/Login/verify_Login' successfully

2018-05-24 14:22:10 - [TEST_STEP][PASSED] - setText: Text 'Flower Girl Bracelet' is set on object 'Object Repository/Verify Adding Flower Girl  To CArt/input_Search Field'

2018-05-24 14:22:11 - [MESSAGE][PASSED] - Text 'Flower Girl Bracelet' is set on object 'Object Repository/Verify Adding Flower Girl  To CArt/input_Search Field'

2018-05-24 14:22:11 - [TEST_STEP][PASSED] - click: Object: 'Object Repository/Verify Adding Flower Girl  To CArt/button_Search' is clicked on

2018-05-24 14:22:13 - [MESSAGE][PASSED] - Object: 'Object Repository/Verify Adding Flower Girl  To CArt/button_Search' is clicked on

2018-05-24 14:22:13 - [TEST_STEP][PASSED] - click: Object: 'Object Repository/Verify Adding Flower Girl  To CArt/link_Flower Girl Bracelet ' is clicked on

2018-05-24 14:22:18 - [MESSAGE][PASSED] - Object: 'Object Repository/Verify Adding Flower Girl  To CArt/link_Flower Girl Bracelet ' is clicked on

2018-05-24 14:22:18 - [TEST_STEP][PASSED] - click: Object: 'Object Repository/Verify Adding Flower Girl  To CArt/button_Add Flower Girl Bracelet to Cart' is clicked on

2018-05-24 14:22:18 - [MESSAGE][PASSED] - Object: 'Object Repository/Verify Adding Flower Girl  To CArt/button_Add Flower Girl Bracelet to Cart' is clicked on]]></system-out>
         <system-err><![CDATA[]]></system-err>
      </testcase>
      <testcase name="Test Cases/Verify Remove Nokia Lumia From Cart/Verify Remove Nokia Lumia From Cart" classname="Test Cases/Verify Remove Nokia Lumia From Cart/Verify Remove Nokia Lumia From Cart" status="PASSED">
         <system-out><![CDATA[2018-05-24 14:22:18 - [TEST_CASE][PASSED] - Test Cases/Verify Remove Nokia Lumia From Cart/Verify Remove Nokia Lumia From Cart: Test Cases/Verify Remove Nokia Lumia From Cart/Verify Remove Nokia Lumia From Cart

2018-05-24 14:22:19 - [TEST_STEP][PASSED] - callTestCase: Call Test Case 'Test Cases/Login/verify_Login' successfully

2018-05-24 14:22:19 - [TEST_CASE][PASSED] - Test Cases/Login/verify_Login: Test Cases/Login/verify_Login

2018-05-24 14:22:19 - [TEST_STEP][PASSED] - openBrowser: Browser is opened with url: 'http://demo.nopcommerce.com'

2018-05-24 14:22:19 - [MESSAGE][WARNING] - A browser is already opened. Closing browser and opening a new one

2018-05-24 14:22:28 - [MESSAGE][PASSED] - Browser is opened with url: 'http://demo.nopcommerce.com'

2018-05-24 14:22:28 - [TEST_STEP][PASSED] - maximizeWindow: Current window maximized

2018-05-24 14:22:29 - [MESSAGE][PASSED] - Current window maximized

2018-05-24 14:22:29 - [TEST_STEP][PASSED] - click: Object: 'Object Repository/Registration-Of-User/Login/link_Login ' is clicked on

2018-05-24 14:22:32 - [MESSAGE][PASSED] - Object: 'Object Repository/Registration-Of-User/Login/link_Login ' is clicked on

2018-05-24 14:22:32 - [TEST_STEP][PASSED] - setText: Text 'kkoech@gmail.com' is set on object 'Object Repository/Registration-Of-User/Login/input_Email Address'

2018-05-24 14:22:32 - [MESSAGE][PASSED] - Text 'kkoech@gmail.com' is set on object 'Object Repository/Registration-Of-User/Login/input_Email Address'

2018-05-24 14:22:32 - [TEST_STEP][PASSED] - setText: Text 'password' is set on object 'Object Repository/Registration-Of-User/Login/input_Password'

2018-05-24 14:22:33 - [MESSAGE][PASSED] - Text 'password' is set on object 'Object Repository/Registration-Of-User/Login/input_Password'

2018-05-24 14:22:33 - [TEST_STEP][PASSED] - click: Object: 'Object Repository/Registration-Of-User/Login/button_Login' is clicked on

2018-05-24 14:22:35 - [MESSAGE][PASSED] - Object: 'Object Repository/Registration-Of-User/Login/button_Login' is clicked on

2018-05-24 14:22:35 - [MESSAGE][PASSED] - Call Test Case 'Test Cases/Login/verify_Login' successfully

2018-05-24 14:22:35 - [TEST_STEP][PASSED] - click: Object: 'Object Repository/Remove NOKIA LUMIA 1020 From Cart/link_Shopping Cart' is clicked on

2018-05-24 14:22:37 - [MESSAGE][PASSED] - Object: 'Object Repository/Remove NOKIA LUMIA 1020 From Cart/link_Shopping Cart' is clicked on

2018-05-24 14:22:37 - [TEST_STEP][PASSED] - click: Object: 'Object Repository/Remove NOKIA LUMIA 1020 From Cart/radio button_RemoveFrom Cart' is clicked on

2018-05-24 14:22:37 - [MESSAGE][PASSED] - Object: 'Object Repository/Remove NOKIA LUMIA 1020 From Cart/radio button_RemoveFrom Cart' is clicked on

2018-05-24 14:22:37 - [TEST_STEP][PASSED] - click: Object: 'Object Repository/Remove NOKIA LUMIA 1020 From Cart/button_Update Cart' is clicked on

2018-05-24 14:22:39 - [MESSAGE][PASSED] - Object: 'Object Repository/Remove NOKIA LUMIA 1020 From Cart/button_Update Cart' is clicked on]]></system-out>
         <system-err><![CDATA[]]></system-err>
      </testcase>
      <testcase name="Test Cases/Negative Scenarios On The Site/validate_Wrong Email Correct Password" classname="Test Cases/Negative Scenarios On The Site/validate_Wrong Email Correct Password" status="PASSED">
         <system-out><![CDATA[2018-05-24 14:22:39 - [TEST_CASE][PASSED] - Test Cases/Negative Scenarios On The Site/validate_Wrong Email Correct Password: Test Cases/Negative Scenarios On The Site/validate_Wrong Email Correct Password

2018-05-24 14:22:39 - [TEST_STEP][PASSED] - openBrowser: Browser is opened with url: 'http://demo.nopcommerce.com/'

2018-05-24 14:22:39 - [MESSAGE][WARNING] - A browser is already opened. Closing browser and opening a new one

2018-05-24 14:22:48 - [MESSAGE][PASSED] - Browser is opened with url: 'http://demo.nopcommerce.com/'

2018-05-24 14:22:48 - [TEST_STEP][PASSED] - maximizeWindow: Current window maximized

2018-05-24 14:22:49 - [MESSAGE][PASSED] - Current window maximized

2018-05-24 14:22:49 - [TEST_STEP][PASSED] - click: Object: 'Object Repository/Registration-Of-User/Login/link_Login ' is clicked on

2018-05-24 14:22:52 - [MESSAGE][PASSED] - Object: 'Object Repository/Registration-Of-User/Login/link_Login ' is clicked on

2018-05-24 14:22:52 - [TEST_STEP][PASSED] - setText: Text 'kkkkkkkk@kkkkkkkk.me' is set on object 'Object Repository/Registration-Of-User/Login/input_Email Address'

2018-05-24 14:22:53 - [MESSAGE][PASSED] - Text 'kkkkkkkk@kkkkkkkk.me' is set on object 'Object Repository/Registration-Of-User/Login/input_Email Address'

2018-05-24 14:22:53 - [TEST_STEP][PASSED] - setText: Text 'password' is set on object 'Object Repository/Registration-Of-User/Login/input_Password'

2018-05-24 14:22:53 - [MESSAGE][PASSED] - Text 'password' is set on object 'Object Repository/Registration-Of-User/Login/input_Password'

2018-05-24 14:22:53 - [TEST_STEP][PASSED] - click: Object: 'Object Repository/Registration-Of-User/Login/button_Login' is clicked on

2018-05-24 14:22:54 - [MESSAGE][PASSED] - Object: 'Object Repository/Registration-Of-User/Login/button_Login' is clicked on]]></system-out>
         <system-err><![CDATA[]]></system-err>
      </testcase>
      <testcase name="Test Cases/Check Out/verify_Checkout" classname="Test Cases/Check Out/verify_Checkout" status="PASSED">
         <system-out><![CDATA[2018-05-24 14:22:54 - [TEST_CASE][PASSED] - Test Cases/Check Out/verify_Checkout: Test Cases/Check Out/verify_Checkout

2018-05-24 14:22:55 - [TEST_STEP][PASSED] - callTestCase: Call Test Case 'Test Cases/Login/verify_Login' successfully

2018-05-24 14:22:55 - [TEST_CASE][PASSED] - Test Cases/Login/verify_Login: Test Cases/Login/verify_Login

2018-05-24 14:22:55 - [TEST_STEP][PASSED] - openBrowser: Browser is opened with url: 'http://demo.nopcommerce.com'

2018-05-24 14:22:55 - [MESSAGE][WARNING] - A browser is already opened. Closing browser and opening a new one

2018-05-24 14:23:04 - [MESSAGE][PASSED] - Browser is opened with url: 'http://demo.nopcommerce.com'

2018-05-24 14:23:04 - [TEST_STEP][PASSED] - maximizeWindow: Current window maximized

2018-05-24 14:23:06 - [MESSAGE][PASSED] - Current window maximized

2018-05-24 14:23:06 - [TEST_STEP][PASSED] - click: Object: 'Object Repository/Registration-Of-User/Login/link_Login ' is clicked on

2018-05-24 14:23:08 - [MESSAGE][PASSED] - Object: 'Object Repository/Registration-Of-User/Login/link_Login ' is clicked on

2018-05-24 14:23:08 - [TEST_STEP][PASSED] - setText: Text 'kkoech@gmail.com' is set on object 'Object Repository/Registration-Of-User/Login/input_Email Address'

2018-05-24 14:23:08 - [MESSAGE][PASSED] - Text 'kkoech@gmail.com' is set on object 'Object Repository/Registration-Of-User/Login/input_Email Address'

2018-05-24 14:23:08 - [TEST_STEP][PASSED] - setText: Text 'password' is set on object 'Object Repository/Registration-Of-User/Login/input_Password'

2018-05-24 14:23:08 - [MESSAGE][PASSED] - Text 'password' is set on object 'Object Repository/Registration-Of-User/Login/input_Password'

2018-05-24 14:23:08 - [TEST_STEP][PASSED] - click: Object: 'Object Repository/Registration-Of-User/Login/button_Login' is clicked on

2018-05-24 14:23:11 - [MESSAGE][PASSED] - Object: 'Object Repository/Registration-Of-User/Login/button_Login' is clicked on

2018-05-24 14:23:11 - [MESSAGE][PASSED] - Call Test Case 'Test Cases/Login/verify_Login' successfully

2018-05-24 14:23:11 - [TEST_STEP][PASSED] - delay: Delayed 3 second(s)

2018-05-24 14:23:14 - [MESSAGE][PASSED] - Delayed 3 second(s)

2018-05-24 14:23:14 - [TEST_STEP][PASSED] - click: Object: 'Object Repository/Verify ChekOut/link_Shopping Cart' is clicked on

2018-05-24 14:23:15 - [MESSAGE][PASSED] - Object: 'Object Repository/Verify ChekOut/link_Shopping Cart' is clicked on

2018-05-24 14:23:15 - [TEST_STEP][PASSED] - click: Object: 'Object Repository/Verify ChekOut/option_GiftWrapping' is clicked on

2018-05-24 14:23:16 - [MESSAGE][PASSED] - Object: 'Object Repository/Verify ChekOut/option_GiftWrapping' is clicked on

2018-05-24 14:23:16 - [TEST_STEP][PASSED] - click: Object: 'Object Repository/Verify ChekOut/drop down_Select Country' is clicked on

2018-05-24 14:23:16 - [MESSAGE][PASSED] - Object: 'Object Repository/Verify ChekOut/drop down_Select Country' is clicked on

2018-05-24 14:23:16 - [TEST_STEP][PASSED] - setText: Text '2100-0200NRB' is set on object 'Object Repository/Verify ChekOut/input_Postal Zip code'

2018-05-24 14:23:17 - [MESSAGE][PASSED] - Text '2100-0200NRB' is set on object 'Object Repository/Verify ChekOut/input_Postal Zip code'

2018-05-24 14:23:17 - [TEST_STEP][PASSED] - click: Object: 'Object Repository/Verify ChekOut/radio button_Terms Of Dervice' is clicked on

2018-05-24 14:23:17 - [MESSAGE][PASSED] - Object: 'Object Repository/Verify ChekOut/radio button_Terms Of Dervice' is clicked on

2018-05-24 14:23:17 - [TEST_STEP][PASSED] - click: Object: 'Object Repository/Verify ChekOut/button_Checkout' is clicked on

2018-05-24 14:23:23 - [MESSAGE][PASSED] - Object: 'Object Repository/Verify ChekOut/button_Checkout' is clicked on

2018-05-24 14:23:23 - [TEST_STEP][PASSED] - click: Object: 'Object Repository/Verify ChekOut/Billing Address/drop down_Country' is clicked on

2018-05-24 14:23:23 - [MESSAGE][PASSED] - Object: 'Object Repository/Verify ChekOut/Billing Address/drop down_Country' is clicked on

2018-05-24 14:23:23 - [TEST_STEP][PASSED] - delay: Delayed 2 second(s)

2018-05-24 14:23:25 - [MESSAGE][PASSED] - Delayed 2 second(s)

2018-05-24 14:23:25 - [TEST_STEP][PASSED] - setText: Text 'Church Road' is set on object 'Object Repository/Verify ChekOut/Billing Address/input_Billing Address1'

2018-05-24 14:23:25 - [MESSAGE][PASSED] - Text 'Church Road' is set on object 'Object Repository/Verify ChekOut/Billing Address/input_Billing Address1'

2018-05-24 14:23:25 - [TEST_STEP][PASSED] - setText: Text 'Jogoo Road' is set on object 'Object Repository/Verify ChekOut/Billing Address/input_Billing Address2'

2018-05-24 14:23:26 - [MESSAGE][PASSED] - Text 'Jogoo Road' is set on object 'Object Repository/Verify ChekOut/Billing Address/input_Billing Address2'

2018-05-24 14:23:26 - [TEST_STEP][PASSED] - setText: Text 'Nairobi' is set on object 'Object Repository/Verify ChekOut/Billing Address/input_Billing City'

2018-05-24 14:23:26 - [MESSAGE][PASSED] - Text 'Nairobi' is set on object 'Object Repository/Verify ChekOut/Billing Address/input_Billing City'

2018-05-24 14:23:26 - [TEST_STEP][PASSED] - setText: Text '210012' is set on object 'Object Repository/Verify ChekOut/Billing Address/input-ZipCode'

2018-05-24 14:23:27 - [MESSAGE][PASSED] - Text '210012' is set on object 'Object Repository/Verify ChekOut/Billing Address/input-ZipCode'

2018-05-24 14:23:27 - [TEST_STEP][PASSED] - setText: Text '254726262626' is set on object 'Object Repository/Verify ChekOut/Billing Address/input_PhoneNo'

2018-05-24 14:23:27 - [MESSAGE][PASSED] - Text '254726262626' is set on object 'Object Repository/Verify ChekOut/Billing Address/input_PhoneNo'

2018-05-24 14:23:27 - [TEST_STEP][PASSED] - setText: Text '123456789' is set on object 'Object Repository/Verify ChekOut/Billing Address/input_FaxNo'

2018-05-24 14:23:27 - [MESSAGE][PASSED] - Text '123456789' is set on object 'Object Repository/Verify ChekOut/Billing Address/input_FaxNo'

2018-05-24 14:23:27 - [TEST_STEP][PASSED] - click: Object: 'Object Repository/Verify ChekOut/Billing Address/button_Continue' is clicked on

2018-05-24 14:23:28 - [MESSAGE][PASSED] - Object: 'Object Repository/Verify ChekOut/Billing Address/button_Continue' is clicked on

2018-05-24 14:23:28 - [TEST_STEP][PASSED] - click: Object: 'Object Repository/Verify ChekOut/Billing Address/radio button_Shipping Method' is clicked on

2018-05-24 14:23:29 - [MESSAGE][PASSED] - Object: 'Object Repository/Verify ChekOut/Billing Address/radio button_Shipping Method' is clicked on

2018-05-24 14:23:29 - [TEST_STEP][PASSED] - click: Object: 'Object Repository/Verify ChekOut/Payment Information/button_ContinueShippingMethod' is clicked on

2018-05-24 14:23:29 - [MESSAGE][PASSED] - Object: 'Object Repository/Verify ChekOut/Payment Information/button_ContinueShippingMethod' is clicked on

2018-05-24 14:23:29 - [TEST_STEP][PASSED] - click: Object: 'Object Repository/Verify ChekOut/Billing Address/Payment Method/Radio-Payment Method' is clicked on

2018-05-24 14:23:31 - [MESSAGE][PASSED] - Object: 'Object Repository/Verify ChekOut/Billing Address/Payment Method/Radio-Payment Method' is clicked on

2018-05-24 14:23:31 - [TEST_STEP][PASSED] - click: Object: 'Object Repository/Verify ChekOut/Payment Information/button_ContinuePaymentMethod' is clicked on

2018-05-24 14:23:31 - [MESSAGE][PASSED] - Object: 'Object Repository/Verify ChekOut/Payment Information/button_ContinuePaymentMethod' is clicked on

2018-05-24 14:23:31 - [TEST_STEP][PASSED] - click: Object: 'Object Repository/Verify ChekOut/Payment Information/drop down_Credit Card' is clicked on

2018-05-24 14:23:33 - [MESSAGE][PASSED] - Object: 'Object Repository/Verify ChekOut/Payment Information/drop down_Credit Card' is clicked on

2018-05-24 14:23:33 - [TEST_STEP][PASSED] - setText: Text 'Kennedy Koech' is set on object 'Object Repository/Verify ChekOut/Payment Information/Input-Card Holder Name'

2018-05-24 14:23:33 - [MESSAGE][PASSED] - Text 'Kennedy Koech' is set on object 'Object Repository/Verify ChekOut/Payment Information/Input-Card Holder Name'

2018-05-24 14:23:33 - [TEST_STEP][PASSED] - setText: Text '4751897322627011' is set on object 'Object Repository/Verify ChekOut/Payment Information/Input-Card Number'

2018-05-24 14:23:34 - [MESSAGE][PASSED] - Text '4751897322627011' is set on object 'Object Repository/Verify ChekOut/Payment Information/Input-Card Number'

2018-05-24 14:23:34 - [TEST_STEP][PASSED] - click: Object: 'Object Repository/Verify ChekOut/Payment Information/drop down_Expiration Month Of The Card' is clicked on

2018-05-24 14:23:34 - [MESSAGE][PASSED] - Object: 'Object Repository/Verify ChekOut/Payment Information/drop down_Expiration Month Of The Card' is clicked on

2018-05-24 14:23:34 - [TEST_STEP][PASSED] - click: Object: 'Object Repository/Verify ChekOut/Payment Information/drop down_Expiration Month' is clicked on

2018-05-24 14:23:34 - [MESSAGE][PASSED] - Object: 'Object Repository/Verify ChekOut/Payment Information/drop down_Expiration Month' is clicked on

2018-05-24 14:23:34 - [TEST_STEP][PASSED] - setText: Text '01000' is set on object 'Object Repository/Verify ChekOut/Payment Information/Input-Card Code'

2018-05-24 14:23:34 - [MESSAGE][PASSED] - Text '01000' is set on object 'Object Repository/Verify ChekOut/Payment Information/Input-Card Code'

2018-05-24 14:23:34 - [TEST_STEP][PASSED] - click: Object: 'Object Repository/Verify ChekOut/Payment Information/button_Continue' is clicked on

2018-05-24 14:23:35 - [MESSAGE][PASSED] - Object: 'Object Repository/Verify ChekOut/Payment Information/button_Continue' is clicked on]]></system-out>
         <system-err><![CDATA[]]></system-err>
      </testcase>
      <testcase name="Test Cases/Verify Logout/Verify-Logout" classname="Test Cases/Verify Logout/Verify-Logout" status="PASSED">
         <system-out><![CDATA[2018-05-24 14:23:35 - [TEST_CASE][PASSED] - Test Cases/Verify Logout/Verify-Logout: Test Cases/Verify Logout/Verify-Logout

2018-05-24 14:23:35 - [TEST_STEP][PASSED] - callTestCase: Call Test Case 'Test Cases/Login/verify_Login' successfully

2018-05-24 14:23:35 - [TEST_CASE][PASSED] - Test Cases/Login/verify_Login: Test Cases/Login/verify_Login

2018-05-24 14:23:35 - [TEST_STEP][PASSED] - openBrowser: Browser is opened with url: 'http://demo.nopcommerce.com'

2018-05-24 14:23:35 - [MESSAGE][WARNING] - A browser is already opened. Closing browser and opening a new one

2018-05-24 14:23:44 - [MESSAGE][PASSED] - Browser is opened with url: 'http://demo.nopcommerce.com'

2018-05-24 14:23:44 - [TEST_STEP][PASSED] - maximizeWindow: Current window maximized

2018-05-24 14:23:45 - [MESSAGE][PASSED] - Current window maximized

2018-05-24 14:23:45 - [TEST_STEP][PASSED] - click: Object: 'Object Repository/Registration-Of-User/Login/link_Login ' is clicked on

2018-05-24 14:23:48 - [MESSAGE][PASSED] - Object: 'Object Repository/Registration-Of-User/Login/link_Login ' is clicked on

2018-05-24 14:23:48 - [TEST_STEP][PASSED] - setText: Text 'kkoech@gmail.com' is set on object 'Object Repository/Registration-Of-User/Login/input_Email Address'

2018-05-24 14:23:48 - [MESSAGE][PASSED] - Text 'kkoech@gmail.com' is set on object 'Object Repository/Registration-Of-User/Login/input_Email Address'

2018-05-24 14:23:48 - [TEST_STEP][PASSED] - setText: Text 'password' is set on object 'Object Repository/Registration-Of-User/Login/input_Password'

2018-05-24 14:23:48 - [MESSAGE][PASSED] - Text 'password' is set on object 'Object Repository/Registration-Of-User/Login/input_Password'

2018-05-24 14:23:48 - [TEST_STEP][PASSED] - click: Object: 'Object Repository/Registration-Of-User/Login/button_Login' is clicked on

2018-05-24 14:23:50 - [MESSAGE][PASSED] - Object: 'Object Repository/Registration-Of-User/Login/button_Login' is clicked on

2018-05-24 14:23:50 - [MESSAGE][PASSED] - Call Test Case 'Test Cases/Login/verify_Login' successfully

2018-05-24 14:23:50 - [TEST_STEP][PASSED] - click: Object: 'Object Repository/Logout/link_Logout' is clicked on

2018-05-24 14:23:52 - [MESSAGE][PASSED] - Object: 'Object Repository/Logout/link_Logout' is clicked on

2018-05-24 14:23:52 - [TEST_STEP][PASSED] - verifyElementPresent: Object 'Object Repository/Logout/alert_Element Login' is present

2018-05-24 14:23:52 - [MESSAGE][PASSED] - Object 'Object Repository/Logout/alert_Element Login' is present]]></system-out>
         <system-err><![CDATA[]]></system-err>
      </testcase>
      <system-out><![CDATA[2018-05-24 14:20:52 - [TEST_SUITE][PASSED] - Nop Commerce Project: Test Cases/Verify Logout/Verify-Logout]]></system-out>
      <system-err><![CDATA[]]></system-err>
   </testsuite>
</testsuites>
